nohup: ignoring input
Using backend: pytorch
reading train and test user-item set ...
combinating train_cf and kg data ...
building the graph ...
start training ...
using time 1516.6888, training loss at epoch 0: 367.0161
+-------+-------------------+-----------------+--------------------+----------------------+----------------------------------------------------------+----------------------------------------------------------+----------------------------------------------------------+----------------------------------------------------------+
| Epoch |   training time   |   tesing time   |        Loss        |       cos loss       |                          recall                          |                           ndcg                           |                        precision                         |                        hit_ratio                         |
+-------+-------------------+-----------------+--------------------+----------------------+----------------------------------------------------------+----------------------------------------------------------+----------------------------------------------------------+----------------------------------------------------------+
|   1   | 1518.737155199051 | 84.125479221344 | 247.09084221720695 | 0.051993717592267785 | [0.04922463 0.02993954 0.06574884 0.0924206  0.14036577] | [0.0246368  0.01874352 0.0289948  0.0352938  0.04509316] | [0.00535762 0.00624442 0.00487031 0.0042334  0.0033143 ] | [0.09032313 0.0553045  0.11879701 0.16214532 0.23612075] |
+-------+-------------------+-----------------+--------------------+----------------------+----------------------------------------------------------+----------------------------------------------------------+----------------------------------------------------------+----------------------------------------------------------+
using time 1523.6565, training loss at epoch 2: 189.3814
using time 1524.3732, training loss at epoch 3: 159.9812
using time 1523.4867, training loss at epoch 4: 141.0245
using time 1519.2056, training loss at epoch 5: 126.5964
using time 1518.7663, training loss at epoch 6: 115.8048
using time 1519.0646, training loss at epoch 7: 107.1625
using time 1519.2713, training loss at epoch 8: 98.9535
+-------+-------------------+------------------+-------------------+---------------------+----------------------------------------------------------+----------------------------------------------------------+----------------------------------------------------------+----------------------------------------------------------+
| Epoch |   training time   |   tesing time    |        Loss       |       cos loss      |                          recall                          |                           ndcg                           |                        precision                         |                        hit_ratio                         |
+-------+-------------------+------------------+-------------------+---------------------+----------------------------------------------------------+----------------------------------------------------------+----------------------------------------------------------+----------------------------------------------------------+
|   9   | 1519.683884859085 | 92.4260048866272 | 91.94749908149242 | 0.10532758664339781 | [0.10799975 0.07029453 0.13787231 0.18360565 0.2591887 ] | [0.05577054 0.04423631 0.06362493 0.0743884  0.08995195] | [0.01178125 0.01484609 0.01019913 0.00836254 0.00611976] | [0.19527985 0.12922327 0.24384128 0.31358105 0.41736199] |
+-------+-------------------+------------------+-------------------+---------------------+----------------------------------------------------------+----------------------------------------------------------+----------------------------------------------------------+----------------------------------------------------------+
using time 1521.4856, training loss at epoch 10: 86.2738
using time 1519.0058, training loss at epoch 11: 81.2371
using time 1519.5533, training loss at epoch 12: 76.8688
using time 1518.7898, training loss at epoch 13: 72.5723
using time 1519.8584, training loss at epoch 14: 68.5680
using time 1520.0300, training loss at epoch 15: 65.2392
using time 1520.0623, training loss at epoch 16: 61.6748
using time 1519.8547, training loss at epoch 17: 58.8249
using time 1519.7603, training loss at epoch 18: 56.1727
+-------+-------------------+-------------------+--------------------+---------------------+----------------------------------------------------------+----------------------------------------------------------+----------------------------------------------------------+----------------------------------------------------------+
| Epoch |   training time   |    tesing time    |        Loss        |       cos loss      |                          recall                          |                           ndcg                           |                        precision                         |                        hit_ratio                         |
+-------+-------------------+-------------------+--------------------+---------------------+----------------------------------------------------------+----------------------------------------------------------+----------------------------------------------------------+----------------------------------------------------------+
|   19  | 1520.302225112915 | 88.00728368759155 | 53.241282891482115 | 0.14257526432629675 | [0.12787722 0.0846511  0.16116651 0.20886569 0.28978429] | [0.06687052 0.05362507 0.07565434 0.08686483 0.10353438] | [0.01388562 0.01777705 0.01188348 0.0094556  0.00679577] | [0.2262753  0.15273902 0.27859076 0.34935048 0.45687127] |
+-------+-------------------+-------------------+--------------------+---------------------+----------------------------------------------------------+----------------------------------------------------------+----------------------------------------------------------+----------------------------------------------------------+
using time 1522.4068, training loss at epoch 20: 51.3432
using time 1520.5768, training loss at epoch 21: 48.7219
using time 1518.8951, training loss at epoch 22: 46.4555
using time 1518.5467, training loss at epoch 23: 44.5751
using time 1518.4765, training loss at epoch 24: 42.6473
using time 1518.5875, training loss at epoch 25: 41.1417
using time 1518.5386, training loss at epoch 26: 39.4615
using time 1518.4923, training loss at epoch 27: 38.0644
using time 1518.4840, training loss at epoch 28: 36.1715
+-------+-------------------+-------------------+-------------------+--------------------+----------------------------------------------------------+----------------------------------------------------------+----------------------------------------------------------+----------------------------------------------------------+
| Epoch |   training time   |    tesing time    |        Loss       |      cos loss      |                          recall                          |                           ndcg                           |                        precision                         |                        hit_ratio                         |
+-------+-------------------+-------------------+-------------------+--------------------+----------------------------------------------------------+----------------------------------------------------------+----------------------------------------------------------+----------------------------------------------------------+
|   29  | 1518.547661781311 | 88.12149381637573 | 35.05394924804568 | 0.1649922708165832 | [0.13940263 0.09250655 0.1739627  0.22420063 0.30712753] | [0.07305004 0.05871654 0.0821812  0.09400979 0.11112164] | [0.01505645 0.01941607 0.01277075 0.010118   0.00719029] | [0.24406794 0.16543185 0.29753085 0.37004717 0.47772379] |
+-------+-------------------+-------------------+-------------------+--------------------+----------------------------------------------------------+----------------------------------------------------------+----------------------------------------------------------+----------------------------------------------------------+
using time 1518.9138, training loss at epoch 30: 33.7796
using time 1518.5836, training loss at epoch 31: 32.4390
using time 1518.5957, training loss at epoch 32: 31.5099
using time 1518.5847, training loss at epoch 33: 29.9509
using time 1518.6172, training loss at epoch 34: 29.1370
using time 1519.0821, training loss at epoch 35: 27.9864
using time 1518.7041, training loss at epoch 36: 27.2099
using time 1518.8879, training loss at epoch 37: 26.1008
using time 1518.7737, training loss at epoch 38: 25.5530
+-------+--------------------+------------------+-------------------+---------------------+----------------------------------------------------------+----------------------------------------------------------+----------------------------------------------------------+----------------------------------------------------------+
| Epoch |   training time    |   tesing time    |        Loss       |       cos loss      |                          recall                          |                           ndcg                           |                        precision                         |                        hit_ratio                         |
+-------+--------------------+------------------+-------------------+---------------------+----------------------------------------------------------+----------------------------------------------------------+----------------------------------------------------------+----------------------------------------------------------+
|   39  | 1518.6582090854645 | 88.6752278804779 | 24.31935821287334 | 0.18054112361278385 | [0.14745343 0.09772784 0.18209145 0.23353456 0.31602782] | [0.07754632 0.06232009 0.08672918 0.09885128 0.11592632] | [0.01587738 0.02041053 0.01335392 0.01052882 0.00740392] | [0.25596747 0.17320905 0.30917539 0.38336332 0.48843337] |
+-------+--------------------+------------------+-------------------+---------------------+----------------------------------------------------------+----------------------------------------------------------+----------------------------------------------------------+----------------------------------------------------------+
using time 1518.9688, training loss at epoch 40: 23.7223
using time 1518.6678, training loss at epoch 41: 22.9476
using time 1518.7138, training loss at epoch 42: 22.2800
using time 1518.6322, training loss at epoch 43: 21.7690
using time 1518.7173, training loss at epoch 44: 20.7434
using time 1518.8222, training loss at epoch 45: 20.4003
using time 1518.6784, training loss at epoch 46: 19.6676
using time 1518.7600, training loss at epoch 47: 19.1463
using time 1519.3734, training loss at epoch 48: 18.3565
+-------+--------------------+-------------------+--------------------+---------------------+----------------------------------------------------------+----------------------------------------------------------+----------------------------------------------------------+----------------------------------------------------------+
| Epoch |   training time    |    tesing time    |        Loss        |       cos loss      |                          recall                          |                           ndcg                           |                        precision                         |                        hit_ratio                         |
+-------+--------------------+-------------------+--------------------+---------------------+----------------------------------------------------------+----------------------------------------------------------+----------------------------------------------------------+----------------------------------------------------------+
|   49  | 1518.9371881484985 | 87.36957812309265 | 18.031195079907775 | 0.19399465280002914 | [0.15178892 0.10149151 0.18861282 0.23990657 0.32392461] | [0.08005039 0.06463865 0.08979962 0.1019211  0.11928044] | [0.01631582 0.02112592 0.01380629 0.01081441 0.00757448] | [0.26269638 0.17904549 0.3190775  0.39166466 0.49813716] |
+-------+--------------------+-------------------+--------------------+---------------------+----------------------------------------------------------+----------------------------------------------------------+----------------------------------------------------------+----------------------------------------------------------+
using time 1519.5621, training loss at epoch 50: 17.2237
using time 1519.2101, training loss at epoch 51: 16.9216
using time 1519.5189, training loss at epoch 52: 16.2591
using time 1519.4304, training loss at epoch 53: 16.0040
using time 1519.9673, training loss at epoch 54: 15.4476
using time 1520.2682, training loss at epoch 55: 15.1490
using time 1520.9551, training loss at epoch 56: 14.7063
using time 1520.7714, training loss at epoch 57: 14.4789
using time 1520.6786, training loss at epoch 58: 13.9136
+-------+--------------------+-------------------+--------------------+---------------------+----------------------------------------------------------+----------------------------------------------------------+----------------------------------------------------------+----------------------------------------------------------+
| Epoch |   training time    |    tesing time    |        Loss        |       cos loss      |                          recall                          |                           ndcg                           |                        precision                         |                        hit_ratio                         |
+-------+--------------------+-------------------+--------------------+---------------------+----------------------------------------------------------+----------------------------------------------------------+----------------------------------------------------------+----------------------------------------------------------+
|   59  | 1520.1959772109985 | 87.45753049850464 | 13.569355566054583 | 0.20426439904258586 | [0.15539442 0.10491525 0.19217505 0.24425213 0.32791781] | [0.08255866 0.06705702 0.09226531 0.10456791 0.12192235] | [0.01667635 0.0217804  0.01401737 0.01096882 0.00766925] | [0.26793784 0.18445694 0.32317151 0.39752943 0.50291114] |
+-------+--------------------+-------------------+--------------------+---------------------+----------------------------------------------------------+----------------------------------------------------------+----------------------------------------------------------+----------------------------------------------------------+
using time 1519.2918, training loss at epoch 60: 13.2681
using time 1519.0937, training loss at epoch 61: 12.8126
using time 1520.0875, training loss at epoch 62: 12.6104
using time 1521.0752, training loss at epoch 63: 12.6445
using time 1519.6280, training loss at epoch 64: 12.1325
using time 1520.2843, training loss at epoch 65: 11.6005
using time 1521.5780, training loss at epoch 66: 11.3929
using time 1519.0408, training loss at epoch 67: 11.1690
using time 1519.0453, training loss at epoch 68: 10.9991
+-------+--------------------+-------------------+--------------------+---------------------+----------------------------------------------------------+----------------------------------------------------------+----------------------------------------------------------+----------------------------------------------------------+
| Epoch |   training time    |    tesing time    |        Loss        |       cos loss      |                          recall                          |                           ndcg                           |                        precision                         |                        hit_ratio                         |
+-------+--------------------+-------------------+--------------------+---------------------+----------------------------------------------------------+----------------------------------------------------------+----------------------------------------------------------+----------------------------------------------------------+
|   69  | 1519.1134190559387 | 87.55867648124695 | 10.692306387238204 | 0.21349826097139157 | [0.16070333 0.10847712 0.19784848 0.24820442 0.33243786] | [0.08511993 0.06907157 0.09491846 0.10685924 0.12433432] | [0.01725432 0.02256378 0.01442205 0.01115298 0.00778102] | [0.2757292  0.1905342  0.33069371 0.40160927 0.50826593] |
+-------+--------------------+-------------------+--------------------+---------------------+----------------------------------------------------------+----------------------------------------------------------+----------------------------------------------------------+----------------------------------------------------------+
using time 1519.1446, training loss at epoch 70: 10.4313
using time 1519.3269, training loss at epoch 71: 10.3405
using time 1520.0019, training loss at epoch 72: 10.0367
using time 1525.2924, training loss at epoch 73: 9.7901
using time 1523.1193, training loss at epoch 74: 9.5787
using time 1521.6321, training loss at epoch 75: 9.2693
using time 1518.9353, training loss at epoch 76: 9.2136
using time 1519.6800, training loss at epoch 77: 8.7584
using time 1521.2195, training loss at epoch 78: 8.9136
+-------+--------------------+-------------------+-------------------+---------------------+----------------------------------------------------------+----------------------------------------------------------+----------------------------------------------------------+----------------------------------------------------------+
| Epoch |   training time    |    tesing time    |        Loss       |       cos loss      |                          recall                          |                           ndcg                           |                        precision                         |                        hit_ratio                         |
+-------+--------------------+-------------------+-------------------+---------------------+----------------------------------------------------------+----------------------------------------------------------+----------------------------------------------------------+----------------------------------------------------------+
|   79  | 1522.0589606761932 | 88.33828496932983 | 8.507920120842755 | 0.22265744028845802 | [0.16463881 0.11154059 0.20141384 0.25158657 0.33520414] | [0.08749369 0.07116916 0.09721295 0.10908281 0.12644927] | [0.01764956 0.02312051 0.01466901 0.01128784 0.00783343] | [0.28167897 0.19510986 0.33600601 0.4068224  0.51146747] |
+-------+--------------------+-------------------+-------------------+---------------------+----------------------------------------------------------+----------------------------------------------------------+----------------------------------------------------------+----------------------------------------------------------+
using time 1521.7423, training loss at epoch 80: 8.4008
using time 1519.3420, training loss at epoch 81: 8.2508
using time 1518.7783, training loss at epoch 82: 7.8936
using time 1518.8336, training loss at epoch 83: 7.7466
using time 1518.7743, training loss at epoch 84: 7.8063
using time 1518.7852, training loss at epoch 85: 7.6291
using time 1518.7693, training loss at epoch 86: 7.2970
using time 1518.8012, training loss at epoch 87: 7.2548
using time 1518.7918, training loss at epoch 88: 7.0172
+-------+--------------------+------------------+-------------------+-------------------+----------------------------------------------------------+----------------------------------------------------------+----------------------------------------------------------+----------------------------------------------------------+
| Epoch |   training time    |   tesing time    |        Loss       |      cos loss     |                          recall                          |                           ndcg                           |                        precision                         |                        hit_ratio                         |
+-------+--------------------+------------------+-------------------+-------------------+----------------------------------------------------------+----------------------------------------------------------+----------------------------------------------------------+----------------------------------------------------------+
|   89  | 1518.7981715202332 | 88.6818675994873 | 6.974848041310906 | 0.229573488002643 | [0.16503041 0.11265544 0.2022472  0.25347713 0.33624511] | [0.0877333  0.07161272 0.09753319 0.10969834 0.1268976 ] | [0.01765806 0.02330467 0.01468837 0.01137255 0.00785908] | [0.28184896 0.19634231 0.33672848 0.40908898 0.51309657] |
+-------+--------------------+------------------+-------------------+-------------------+----------------------------------------------------------+----------------------------------------------------------+----------------------------------------------------------+----------------------------------------------------------+
using time 1518.9088, training loss at epoch 90: 6.7491
using time 1518.6343, training loss at epoch 91: 6.6074
using time 1518.6659, training loss at epoch 92: 6.5102
using time 1518.6796, training loss at epoch 93: 6.2828
using time 1518.7601, training loss at epoch 94: 6.1951
using time 1518.7827, training loss at epoch 95: 6.3088
using time 1518.6816, training loss at epoch 96: 6.0584
using time 1518.5761, training loss at epoch 97: 5.9076
using time 1518.6116, training loss at epoch 98: 5.8954
+-------+-------------------+-------------------+-------------------+--------------------+----------------------------------------------------------+----------------------------------------------------------+----------------------------------------------------------+----------------------------------------------------------+
| Epoch |   training time   |    tesing time    |        Loss       |      cos loss      |                          recall                          |                           ndcg                           |                        precision                         |                        hit_ratio                         |
+-------+-------------------+-------------------+-------------------+--------------------+----------------------------------------------------------+----------------------------------------------------------+----------------------------------------------------------+----------------------------------------------------------+
|   99  | 1518.606437921524 | 86.09429693222046 | 5.773039346560836 | 0.2368029723293148 | [0.16734715 0.11473856 0.20426226 0.25503038 0.33830667] | [0.08959152 0.0734069  0.09935092 0.11142764 0.12871034] | [0.01788259 0.02372115 0.01484656 0.01146067 0.00790412] | [0.28529133 0.19962885 0.33991585 0.41180887 0.514839  ] |
+-------+-------------------+-------------------+-------------------+--------------------+----------------------------------------------------------+----------------------------------------------------------+----------------------------------------------------------+----------------------------------------------------------+
using time 1518.8304, training loss at epoch 100: 5.4890
using time 1518.4912, training loss at epoch 101: 5.4593
using time 1518.4641, training loss at epoch 102: 5.4536
using time 1518.4582, training loss at epoch 103: 5.4538
using time 1518.4768, training loss at epoch 104: 5.2261
using time 1518.5154, training loss at epoch 105: 5.1727
using time 1518.4743, training loss at epoch 106: 5.0555
using time 1518.4905, training loss at epoch 107: 4.9830
using time 1518.4900, training loss at epoch 108: 4.9482
+-------+--------------------+-------------------+------------------+---------------------+----------------------------------------------------------+----------------------------------------------------------+----------------------------------------------------------+----------------------------------------------------------+
| Epoch |   training time    |    tesing time    |       Loss       |       cos loss      |                          recall                          |                           ndcg                           |                        precision                         |                        hit_ratio                         |
+-------+--------------------+-------------------+------------------+---------------------+----------------------------------------------------------+----------------------------------------------------------+----------------------------------------------------------+----------------------------------------------------------+
|  109  | 1518.4321947097778 | 87.09290337562561 | 4.89835537597537 | 0.24151874458766542 | [0.16844704 0.1154549  0.2055191  0.25746359 0.33981221] | [0.09009189 0.07379337 0.09991945 0.11224187 0.12936092] | [0.01798175 0.02385007 0.01494383 0.0115638  0.0079428 ] | [0.28699126 0.20074797 0.34264991 0.41574705 0.51693559] |
+-------+--------------------+-------------------+------------------+---------------------+----------------------------------------------------------+----------------------------------------------------------+----------------------------------------------------------+----------------------------------------------------------+
using time 1518.6182, training loss at epoch 110: 4.6398
using time 1518.4146, training loss at epoch 111: 4.7140
using time 1518.4082, training loss at epoch 112: 4.6430
using time 1518.4696, training loss at epoch 113: 4.7088
using time 1518.2891, training loss at epoch 114: 4.4807
using time 1518.4739, training loss at epoch 115: 4.4579
using time 1518.3981, training loss at epoch 116: 4.2122
using time 1518.4440, training loss at epoch 117: 4.2229
using time 1518.3399, training loss at epoch 118: 4.2416
+-------+-------------------+-------------------+------------------+---------------------+----------------------------------------------------------+----------------------------------------------------------+----------------------------------------------------------+----------------------------------------------------------+
| Epoch |   training time   |    tesing time    |       Loss       |       cos loss      |                          recall                          |                           ndcg                           |                        precision                         |                        hit_ratio                         |
+-------+-------------------+-------------------+------------------+---------------------+----------------------------------------------------------+----------------------------------------------------------+----------------------------------------------------------+----------------------------------------------------------+
|  119  | 1518.391194820404 | 86.70681262016296 | 4.20655052526854 | 0.24803679189062677 | [0.17012873 0.11737971 0.20693587 0.25883306 0.34277839] | [0.09158854 0.07536047 0.10132551 0.11365884 0.13108841] | [0.01820275 0.02426513 0.01505291 0.01163293 0.00801859] | [0.28904535 0.20375119 0.34450567 0.41733365 0.52037795] |
+-------+-------------------+-------------------+------------------+---------------------+----------------------------------------------------------+----------------------------------------------------------+----------------------------------------------------------+----------------------------------------------------------+
using time 1522.1207, training loss at epoch 120: 4.0067
using time 1521.8416, training loss at epoch 121: 4.1225
using time 1521.8312, training loss at epoch 122: 4.0192
using time 1521.8923, training loss at epoch 123: 3.8550
using time 1522.1557, training loss at epoch 124: 3.7877
using time 1521.8796, training loss at epoch 125: 3.7892
using time 1521.8294, training loss at epoch 126: 3.8259
using time 1521.9296, training loss at epoch 127: 3.6557
using time 1521.8516, training loss at epoch 128: 3.5910
+-------+--------------------+-----------------+-------------------+--------------------+----------------------------------------------------------+----------------------------------------------------------+----------------------------------------------------------+----------------------------------------------------------+
| Epoch |   training time    |   tesing time   |        Loss       |      cos loss      |                          recall                          |                           ndcg                           |                        precision                         |                        hit_ratio                         |
+-------+--------------------+-----------------+-------------------+--------------------+----------------------------------------------------------+----------------------------------------------------------+----------------------------------------------------------+----------------------------------------------------------+
|  129  | 1521.8578934669495 | 87.601309299469 | 3.620070750825107 | 0.2531552776345052 | [0.16997431 0.11714449 0.20734094 0.2598634  0.34320677] | [0.09144456 0.07516391 0.10134565 0.11380593 0.13115678] | [0.01818362 0.02417305 0.01509871 0.01167259 0.00803573] | [0.28876202 0.20305705 0.3445765  0.41849528 0.52063294] |
+-------+--------------------+-----------------+-------------------+--------------------+----------------------------------------------------------+----------------------------------------------------------+----------------------------------------------------------+----------------------------------------------------------+
using time 1519.0305, training loss at epoch 130: 3.4545
using time 1518.6775, training loss at epoch 131: 3.6333
using time 1518.7188, training loss at epoch 132: 3.3945
using time 1518.6780, training loss at epoch 133: 3.4539
using time 1518.7724, training loss at epoch 134: 3.3371
using time 1518.7103, training loss at epoch 135: 3.2630
using time 1518.7714, training loss at epoch 136: 3.2972
using time 1518.6632, training loss at epoch 137: 3.1994
using time 1518.6292, training loss at epoch 138: 3.2482
+-------+--------------------+-------------------+--------------------+--------------------+----------------------------------------------------------+----------------------------------------------------------+----------------------------------------------------------+----------------------------------------------------------+
| Epoch |   training time    |    tesing time    |        Loss        |      cos loss      |                          recall                          |                           ndcg                           |                        precision                         |                        hit_ratio                         |
+-------+--------------------+-------------------+--------------------+--------------------+----------------------------------------------------------+----------------------------------------------------------+----------------------------------------------------------+----------------------------------------------------------+
|  139  | 1518.6230652332306 | 87.81190800666809 | 3.2407928677275777 | 0.2574527963879518 | [0.17076598 0.11827209 0.20700883 0.25928692 0.34297892] | [0.09200737 0.07584746 0.10163014 0.11405314 0.13147657] | [0.0181815  0.02425805 0.01501325 0.01162131 0.00801334] | [0.28921534 0.204162   0.34480316 0.41807029 0.5198963 ] |
+-------+--------------------+-------------------+--------------------+--------------------+----------------------------------------------------------+----------------------------------------------------------+----------------------------------------------------------+----------------------------------------------------------+
using time 1518.6221, training loss at epoch 140: 3.1515
using time 1518.3616, training loss at epoch 141: 3.2163
using time 1518.4863, training loss at epoch 142: 3.0401
using time 1518.5217, training loss at epoch 143: 2.9215
using time 1518.5876, training loss at epoch 144: 2.9842
using time 1518.5700, training loss at epoch 145: 2.8896
using time 1518.5099, training loss at epoch 146: 2.7493
using time 1518.5516, training loss at epoch 147: 2.8877
using time 1518.5298, training loss at epoch 148: 2.8027
+-------+--------------------+-------------------+-------------------+--------------------+----------------------------------------------------------+----------------------------------------------------------+----------------------------------------------------------+----------------------------------------------------------+
| Epoch |   training time    |    tesing time    |        Loss       |      cos loss      |                          recall                          |                           ndcg                           |                        precision                         |                        hit_ratio                         |
+-------+--------------------+-------------------+-------------------+--------------------+----------------------------------------------------------+----------------------------------------------------------+----------------------------------------------------------+----------------------------------------------------------+
|  149  | 1518.5623230934143 | 87.40401363372803 | 2.924956316826865 | 0.2605962519883178 | [0.17280712 0.11971009 0.20915367 0.26197271 0.34408085] | [0.09347205 0.0771265  0.10311269 0.11563426 0.13276598] | [0.0183947  0.02461645 0.01516624 0.01171962 0.00804309] | [0.29241688 0.20729271 0.34803304 0.42100268 0.52153957] |
+-------+--------------------+-------------------+-------------------+--------------------+----------------------------------------------------------+----------------------------------------------------------+----------------------------------------------------------+----------------------------------------------------------+
using time 1518.6589, training loss at epoch 150: 2.7388
using time 1518.3945, training loss at epoch 151: 2.7329
using time 1518.3361, training loss at epoch 152: 2.6000
using time 1518.4428, training loss at epoch 153: 2.5320
using time 1518.3610, training loss at epoch 154: 2.6460
using time 1518.4846, training loss at epoch 155: 2.5862
using time 1518.4834, training loss at epoch 156: 2.5811
using time 1518.4666, training loss at epoch 157: 2.4920
using time 1518.4288, training loss at epoch 158: 2.4896
+-------+--------------------+-------------------+-------------------+--------------------+----------------------------------------------------------+----------------------------------------------------------+----------------------------------------------------------+----------------------------------------------------------+
| Epoch |   training time    |    tesing time    |        Loss       |      cos loss      |                          recall                          |                           ndcg                           |                        precision                         |                        hit_ratio                         |
+-------+--------------------+-------------------+-------------------+--------------------+----------------------------------------------------------+----------------------------------------------------------+----------------------------------------------------------+----------------------------------------------------------+
|  159  | 1518.5082709789276 | 87.11934423446655 | 2.455145287909545 | 0.2647418296546675 | [0.17140743 0.11972386 0.20876264 0.26047379 0.34232122] | [0.09320546 0.07729392 0.10306433 0.11533095 0.13237924] | [0.01824879 0.02458812 0.01510769 0.01164426 0.00799181] | [0.29054695 0.20661274 0.34691391 0.41930274 0.52019379] |
+-------+--------------------+-------------------+-------------------+--------------------+----------------------------------------------------------+----------------------------------------------------------+----------------------------------------------------------+----------------------------------------------------------+
using time 1518.6061, training loss at epoch 160: 2.4081
using time 1518.4477, training loss at epoch 161: 2.4376
using time 1518.3505, training loss at epoch 162: 2.2574
using time 1518.4502, training loss at epoch 163: 2.3299
using time 1518.4144, training loss at epoch 164: 2.3282
using time 1518.4335, training loss at epoch 165: 2.2972
using time 1518.4795, training loss at epoch 166: 2.3067
using time 1518.5589, training loss at epoch 167: 2.4273
using time 1518.5184, training loss at epoch 168: 2.1852
+-------+--------------------+-------------------+-------------------+---------------------+----------------------------------------------------------+----------------------------------------------------------+----------------------------------------------------------+----------------------------------------------------------+
| Epoch |   training time    |    tesing time    |        Loss       |       cos loss      |                          recall                          |                           ndcg                           |                        precision                         |                        hit_ratio                         |
+-------+--------------------+-------------------+-------------------+---------------------+----------------------------------------------------------+----------------------------------------------------------+----------------------------------------------------------+----------------------------------------------------------+
|  169  | 1518.6010570526123 | 86.62259840965271 | 2.222055343678221 | 0.26795268373098224 | [0.17297465 0.12090613 0.20949135 0.26146394 0.34370655] | [0.09402025 0.07801589 0.10369084 0.11603314 0.13319376] | [0.01840036 0.02485161 0.0151568  0.01170036 0.00803998] | [0.29236022 0.20919097 0.34810387 0.42023771 0.5217379 ] |
+-------+--------------------+-------------------+-------------------+---------------------+----------------------------------------------------------+----------------------------------------------------------+----------------------------------------------------------+----------------------------------------------------------+
using time 1518.9111, training loss at epoch 170: 2.1534
using time 1518.6531, training loss at epoch 171: 2.1715
using time 1518.6460, training loss at epoch 172: 2.0985
using time 1518.5821, training loss at epoch 173: 2.1944
using time 1518.6202, training loss at epoch 174: 2.1269
using time 1518.6689, training loss at epoch 175: 2.0370
using time 1518.5439, training loss at epoch 176: 1.9515
using time 1518.6141, training loss at epoch 177: 1.9781
using time 1518.5970, training loss at epoch 178: 2.0106
+-------+--------------------+-------------------+--------------------+--------------------+----------------------------------------------------------+----------------------------------------------------------+----------------------------------------------------------+----------------------------------------------------------+
| Epoch |   training time    |    tesing time    |        Loss        |      cos loss      |                          recall                          |                           ndcg                           |                        precision                         |                        hit_ratio                         |
+-------+--------------------+-------------------+--------------------+--------------------+----------------------------------------------------------+----------------------------------------------------------+----------------------------------------------------------+----------------------------------------------------------+
|  179  | 1518.7255625724792 | 86.83701777458191 | 2.0343809557380155 | 0.2695137404371053 | [0.17315921 0.12149195 0.20943308 0.26146295 0.34381598] | [0.09427565 0.07836597 0.10388985 0.11624928 0.13345104] | [0.01841099 0.02493236 0.01516435 0.01170716 0.00804451] | [0.29301186 0.2100976  0.34769305 0.42050686 0.52193622] |
+-------+--------------------+-------------------+--------------------+--------------------+----------------------------------------------------------+----------------------------------------------------------+----------------------------------------------------------+----------------------------------------------------------+
using time 1518.8900, training loss at epoch 180: 1.8962
using time 1518.6683, training loss at epoch 181: 1.9750
using time 1518.6078, training loss at epoch 182: 1.9973
using time 1518.7036, training loss at epoch 183: 1.8934
using time 1518.6977, training loss at epoch 184: 1.7901
using time 1518.6443, training loss at epoch 185: 1.8294
using time 1518.6381, training loss at epoch 186: 1.8571
using time 1518.5591, training loss at epoch 187: 1.7942
using time 1518.6627, training loss at epoch 188: 1.9252
+-------+-------------------+-------------------+--------------------+--------------------+----------------------------------------------------------+----------------------------------------------------------+----------------------------------------------------------+----------------------------------------------------------+
| Epoch |   training time   |    tesing time    |        Loss        |      cos loss      |                          recall                          |                           ndcg                           |                        precision                         |                        hit_ratio                         |
+-------+-------------------+-------------------+--------------------+--------------------+----------------------------------------------------------+----------------------------------------------------------+----------------------------------------------------------+----------------------------------------------------------+
|  189  | 1518.697245836258 | 88.20627188682556 | 1.8364479077863507 | 0.2743951849115547 | [0.17409313 0.12172037 0.21028691 0.26243248 0.34492962] | [0.09493473 0.0788425  0.10452713 0.11692773 0.13412508] | [0.01848182 0.02500177 0.01520024 0.01175476 0.0080608 ] | [0.29427264 0.21038093 0.34898216 0.42148433 0.52294202] |
+-------+-------------------+-------------------+--------------------+--------------------+----------------------------------------------------------+----------------------------------------------------------+----------------------------------------------------------+----------------------------------------------------------+
using time 1518.9548, training loss at epoch 190: 1.8357
using time 1518.6454, training loss at epoch 191: 1.9603
using time 1518.7483, training loss at epoch 192: 1.7296
using time 1518.6923, training loss at epoch 193: 1.9078
using time 1518.6787, training loss at epoch 194: 1.6268
using time 1518.6565, training loss at epoch 195: 1.6952
using time 1518.7021, training loss at epoch 196: 1.5873
using time 1518.6210, training loss at epoch 197: 1.6065
using time 1518.7292, training loss at epoch 198: 1.6192
+-------+-------------------+-------------------+--------------------+---------------------+----------------------------------------------------------+----------------------------------------------------------+----------------------------------------------------------+----------------------------------------------------------+
| Epoch |   training time   |    tesing time    |        Loss        |       cos loss      |                          recall                          |                           ndcg                           |                        precision                         |                        hit_ratio                         |
+-------+-------------------+-------------------+--------------------+---------------------+----------------------------------------------------------+----------------------------------------------------------+----------------------------------------------------------+----------------------------------------------------------+
|  199  | 1518.671079158783 | 87.16000366210938 | 1.6423790755798109 | 0.27677461414714344 | [0.17355914 0.12170785 0.21018337 0.26150761 0.3439707 ] | [0.09485654 0.07887711 0.10457805 0.11678092 0.1339679 ] | [0.01847048 0.02500744 0.01524368 0.01173521 0.00805145] | [0.29376266 0.21028176 0.34949214 0.42098851 0.52200705] |
+-------+-------------------+-------------------+--------------------+---------------------+----------------------------------------------------------+----------------------------------------------------------+----------------------------------------------------------+----------------------------------------------------------+
using time 1518.9141, training loss at epoch 200: 1.6602
using time 1518.6341, training loss at epoch 201: 1.6040
using time 1518.6017, training loss at epoch 202: 1.6251
using time 1518.6195, training loss at epoch 203: 1.5577
using time 1518.5720, training loss at epoch 204: 1.6004
using time 1518.5666, training loss at epoch 205: 1.5455
using time 1518.5513, training loss at epoch 206: 1.5794
using time 1518.6005, training loss at epoch 207: 1.5769
using time 1518.5658, training loss at epoch 208: 1.5460
+-------+--------------------+-------------------+-------------------+--------------------+----------------------------------------------------------+----------------------------------------------------------+----------------------------------------------------------+----------------------------------------------------------+
| Epoch |   training time    |    tesing time    |        Loss       |      cos loss      |                          recall                          |                           ndcg                           |                        precision                         |                        hit_ratio                         |
+-------+--------------------+-------------------+-------------------+--------------------+----------------------------------------------------------+----------------------------------------------------------+----------------------------------------------------------+----------------------------------------------------------+
|  209  | 1518.5580179691315 | 87.08786725997925 | 1.478481971367728 | 0.2797466345364228 | [0.17546908 0.12236942 0.21114277 0.26219327 0.34565915] | [0.09589902 0.07955337 0.10537926 0.11752407 0.13490226] | [0.01866173 0.02513352 0.01531451 0.01176297 0.00808814] | [0.29595841 0.21053675 0.35012962 0.42234846 0.52411781] |
+-------+--------------------+-------------------+-------------------+--------------------+----------------------------------------------------------+----------------------------------------------------------+----------------------------------------------------------+----------------------------------------------------------+
using time 1518.7352, training loss at epoch 210: 1.5025
using time 1518.4295, training loss at epoch 211: 1.4830
using time 1518.5193, training loss at epoch 212: 1.5171
using time 1518.9043, training loss at epoch 213: 1.4568
using time 1519.0939, training loss at epoch 214: 1.4712
using time 1518.9455, training loss at epoch 215: 1.4488
using time 1519.5157, training loss at epoch 216: 1.4445
using time 1519.8785, training loss at epoch 217: 1.4864
using time 1518.7932, training loss at epoch 218: 1.4991
+-------+--------------------+-------------------+--------------------+---------------------+----------------------------------------------------------+----------------------------------------------------------+----------------------------------------------------------+----------------------------------------------------------+
| Epoch |   training time    |    tesing time    |        Loss        |       cos loss      |                          recall                          |                           ndcg                           |                        precision                         |                        hit_ratio                         |
+-------+--------------------+-------------------+--------------------+---------------------+----------------------------------------------------------+----------------------------------------------------------+----------------------------------------------------------+----------------------------------------------------------+
|  219  | 1519.0955877304077 | 87.58358192443848 | 1.3160316770663485 | 0.28089450002880767 | [0.17505902 0.12254247 0.21099672 0.26265252 0.34517268] | [0.0957277  0.07959128 0.10529415 0.11755369 0.13474484] | [0.01859798 0.02516326 0.01530884 0.01177232 0.00807497] | [0.29559009 0.21150005 0.34983213 0.4229576  0.52339533] |
+-------+--------------------+-------------------+--------------------+---------------------+----------------------------------------------------------+----------------------------------------------------------+----------------------------------------------------------+----------------------------------------------------------+
using time 1519.1158, training loss at epoch 220: 1.2965
using time 1518.6693, training loss at epoch 221: 1.3031
using time 1518.7327, training loss at epoch 222: 1.3622
using time 1518.8007, training loss at epoch 223: 1.4008
using time 1518.7795, training loss at epoch 224: 1.3799
using time 1518.6686, training loss at epoch 225: 1.3769
using time 1518.6808, training loss at epoch 226: 1.3400
using time 1518.7782, training loss at epoch 227: 1.3377
using time 1518.6572, training loss at epoch 228: 1.3556
+-------+--------------------+-------------------+--------------------+--------------------+----------------------------------------------------------+----------------------------------------------------------+----------------------------------------------------------+----------------------------------------------------------+
| Epoch |   training time    |    tesing time    |        Loss        |      cos loss      |                          recall                          |                           ndcg                           |                        precision                         |                        hit_ratio                         |
+-------+--------------------+-------------------+--------------------+--------------------+----------------------------------------------------------+----------------------------------------------------------+----------------------------------------------------------+----------------------------------------------------------+
|  229  | 1518.5650839805603 | 87.39098763465881 | 1.2208758789929561 | 0.2824941129947547 | [0.17449843 0.12207707 0.21058154 0.26196105 0.34471902] | [0.09567654 0.07956088 0.10528194 0.11748482 0.13471342] | [0.01852998 0.02503294 0.01524887 0.01173407 0.00806052] | [0.29481095 0.21079174 0.34925132 0.4220793  0.52302701] |
+-------+--------------------+-------------------+--------------------+--------------------+----------------------------------------------------------+----------------------------------------------------------+----------------------------------------------------------+----------------------------------------------------------+
using time 1519.5368, training loss at epoch 230: 1.2764
using time 1518.7529, training loss at epoch 231: 1.2168
using time 1518.6245, training loss at epoch 232: 1.2759
using time 1519.5179, training loss at epoch 233: 1.3263
using time 1522.3048, training loss at epoch 234: 1.2736
using time 1522.2619, training loss at epoch 235: 1.2343
using time 1522.2643, training loss at epoch 236: 1.2460
using time 1522.1928, training loss at epoch 237: 1.3111
using time 1522.2934, training loss at epoch 238: 1.2219
+-------+--------------------+-------------------+--------------------+--------------------+----------------------------------------------------------+----------------------------------------------------------+----------------------------------------------------------+----------------------------------------------------------+
| Epoch |   training time    |    tesing time    |        Loss        |      cos loss      |                          recall                          |                           ndcg                           |                        precision                         |                        hit_ratio                         |
+-------+--------------------+-------------------+--------------------+--------------------+----------------------------------------------------------+----------------------------------------------------------+----------------------------------------------------------+----------------------------------------------------------+
|  239  | 1520.6031544208527 | 87.98051953315735 | 1.2789401294430718 | 0.2825262403639499 | [0.17529685 0.12312487 0.21156444 0.26324912 0.34521536] | [0.09623493 0.08018489 0.10589964 0.11816895 0.13526581] | [0.01859373 0.02521568 0.01534615 0.01180377 0.00808885] | [0.29550509 0.2118967  0.3506821  0.42417589 0.52331034] |
+-------+--------------------+-------------------+--------------------+--------------------+----------------------------------------------------------+----------------------------------------------------------+----------------------------------------------------------+----------------------------------------------------------+
using time 1519.0928, training loss at epoch 240: 1.2352
using time 1518.8693, training loss at epoch 241: 1.2414
using time 1518.8327, training loss at epoch 242: 1.2422
using time 1518.8771, training loss at epoch 243: 1.3037
using time 1518.9375, training loss at epoch 244: 1.1367
using time 1518.9203, training loss at epoch 245: 1.1589
using time 1518.9329, training loss at epoch 246: 1.2166
using time 1518.9309, training loss at epoch 247: 1.1423
using time 1518.9421, training loss at epoch 248: 1.1315
+-------+--------------------+-------------------+--------------------+---------------------+----------------------------------------------------------+----------------------------------------------------------+----------------------------------------------------------+----------------------------------------------------------+
| Epoch |   training time    |    tesing time    |        Loss        |       cos loss      |                          recall                          |                           ndcg                           |                        precision                         |                        hit_ratio                         |
+-------+--------------------+-------------------+--------------------+---------------------+----------------------------------------------------------+----------------------------------------------------------+----------------------------------------------------------+----------------------------------------------------------+
|  249  | 1518.8727447986603 | 88.26072287559509 | 1.1134093786240555 | 0.28516153592499904 | [0.1758714  0.12351946 0.21158658 0.26271111 0.34460441] | [0.09670816 0.08058738 0.10624609 0.11839906 0.13545156] | [0.0186851  0.02529501 0.01536834 0.01180462 0.00808092] | [0.29676588 0.21244918 0.35124874 0.42290094 0.52220538] |
+-------+--------------------+-------------------+--------------------+---------------------+----------------------------------------------------------+----------------------------------------------------------+----------------------------------------------------------+----------------------------------------------------------+
using time 1519.7074, training loss at epoch 250: 1.1291
using time 1519.3224, training loss at epoch 251: 1.1131
using time 1519.2814, training loss at epoch 252: 1.1117
using time 1519.3133, training loss at epoch 253: 1.1762
using time 1519.2501, training loss at epoch 254: 1.1779
using time 1519.2551, training loss at epoch 255: 1.0681
using time 1519.1818, training loss at epoch 256: 1.0734
using time 1519.1832, training loss at epoch 257: 1.1131
using time 1519.2290, training loss at epoch 258: 1.0997
+-------+--------------------+-------------------+-------------------+-------------------+----------------------------------------------------------+----------------------------------------------------------+----------------------------------------------------------+----------------------------------------------------------+
| Epoch |   training time    |    tesing time    |        Loss       |      cos loss     |                          recall                          |                           ndcg                           |                        precision                         |                        hit_ratio                         |
+-------+--------------------+-------------------+-------------------+-------------------+----------------------------------------------------------+----------------------------------------------------------+----------------------------------------------------------+----------------------------------------------------------+
|  259  | 1519.2169613838196 | 88.67107439041138 | 1.035999133833684 | 0.286539707594784 | [0.17549208 0.12330627 0.21150533 0.2636957  0.3448301 ] | [0.09630675 0.08021647 0.10590685 0.11832656 0.13524123] | [0.01862419 0.02516326 0.01533907 0.01184089 0.00808616] | [0.2960859  0.21240668 0.35105042 0.42413339 0.52223371] |
+-------+--------------------+-------------------+-------------------+-------------------+----------------------------------------------------------+----------------------------------------------------------+----------------------------------------------------------+----------------------------------------------------------+
using time 1519.3572, training loss at epoch 260: 1.0593
using time 1519.5911, training loss at epoch 261: 1.1049
using time 1519.7018, training loss at epoch 262: 1.0654
using time 1520.3270, training loss at epoch 263: 0.9841
using time 1520.6345, training loss at epoch 264: 1.0848
using time 1519.4538, training loss at epoch 265: 1.1063
using time 1519.3113, training loss at epoch 266: 1.0048
using time 1519.2190, training loss at epoch 267: 1.0788
using time 1519.1552, training loss at epoch 268: 1.0707
+-------+--------------------+-------------------+--------------------+---------------------+----------------------------------------------------------+----------------------------------------------------------+----------------------------------------------------------+----------------------------------------------------------+
| Epoch |   training time    |    tesing time    |        Loss        |       cos loss      |                          recall                          |                           ndcg                           |                        precision                         |                        hit_ratio                         |
+-------+--------------------+-------------------+--------------------+---------------------+----------------------------------------------------------+----------------------------------------------------------+----------------------------------------------------------+----------------------------------------------------------+
|  269  | 1519.1078252792358 | 87.69479656219482 | 1.0045735256862827 | 0.28650071314768866 | [0.17601826 0.12325134 0.21143554 0.26286636 0.34394229] | [0.09662019 0.0803536  0.10606482 0.11829131 0.13518315] | [0.01870706 0.02516326 0.01534709 0.01179867 0.00805868] | [0.29795583 0.21212336 0.3516029  0.42322676 0.52158207] |
+-------+--------------------+-------------------+--------------------+---------------------+----------------------------------------------------------+----------------------------------------------------------+----------------------------------------------------------+----------------------------------------------------------+
using time 1521.2528, training loss at epoch 270: 1.0567
using time 1522.5318, training loss at epoch 271: 1.0216
using time 1522.5173, training loss at epoch 272: 1.0243
using time 1522.6163, training loss at epoch 273: 1.0376
using time 1522.6700, training loss at epoch 274: 0.9599
using time 1522.7125, training loss at epoch 275: 0.9935
using time 1522.7134, training loss at epoch 276: 1.0218
using time 1522.6523, training loss at epoch 277: 0.9758
using time 1522.4939, training loss at epoch 278: 1.0047
+-------+--------------------+-------------------+--------------------+---------------------+----------------------------------------------------------+----------------------------------------------------------+----------------------------------------------------------+----------------------------------------------------------+
| Epoch |   training time    |    tesing time    |        Loss        |       cos loss      |                          recall                          |                           ndcg                           |                        precision                         |                        hit_ratio                         |
+-------+--------------------+-------------------+--------------------+---------------------+----------------------------------------------------------+----------------------------------------------------------+----------------------------------------------------------+----------------------------------------------------------+
|  279  | 1519.2115786075592 | 87.16004848480225 | 1.0025923617067747 | 0.28681323715136386 | [0.17828318 0.12488388 0.21391508 0.26544935 0.34639552] | [0.09935726 0.08166279 0.10760025 0.11985499 0.13676056] | [0.01894292 0.02558683 0.01553173 0.01191993 0.00812682] | [0.30129903 0.21557989 0.3548611  0.42690995 0.52461362] |
+-------+--------------------+-------------------+--------------------+---------------------+----------------------------------------------------------+----------------------------------------------------------+----------------------------------------------------------+----------------------------------------------------------+
using time 1519.3964, training loss at epoch 280: 1.0442
using time 1519.2389, training loss at epoch 281: 1.0423
using time 1519.1206, training loss at epoch 282: 1.0036
using time 1519.0935, training loss at epoch 283: 0.9332
using time 1519.1277, training loss at epoch 284: 0.9030
using time 1519.1151, training loss at epoch 285: 0.9652
using time 1519.0913, training loss at epoch 286: 0.8694
using time 1519.0945, training loss at epoch 287: 0.8889
using time 1519.1355, training loss at epoch 288: 0.9390
+-------+--------------------+-------------------+--------------------+--------------------+----------------------------------------------------------+----------------------------------------------------------+----------------------------------------------------------+----------------------------------------------------------+
| Epoch |   training time    |    tesing time    |        Loss        |      cos loss      |                          recall                          |                           ndcg                           |                        precision                         |                        hit_ratio                         |
+-------+--------------------+-------------------+--------------------+--------------------+----------------------------------------------------------+----------------------------------------------------------+----------------------------------------------------------+----------------------------------------------------------+
|  289  | 1519.1374928951263 | 87.58272552490234 | 0.9498679163516499 | 0.2870924122107681 | [0.17740556 0.12478717 0.21281154 0.26425262 0.34575121] | [0.09735066 0.08113627 0.10681709 0.11904697 0.13602935] | [0.01883739 0.02545509 0.01546042 0.01187403 0.00810627] | [0.29935828 0.21468742 0.353147   0.425635   0.52427363] |
+-------+--------------------+-------------------+--------------------+--------------------+----------------------------------------------------------+----------------------------------------------------------+----------------------------------------------------------+----------------------------------------------------------+
using time 1519.3203, training loss at epoch 290: 0.9035
using time 1519.0389, training loss at epoch 291: 0.9199
using time 1519.0882, training loss at epoch 292: 0.9640
using time 1519.1218, training loss at epoch 293: 0.9205
using time 1519.1406, training loss at epoch 294: 0.8810
using time 1519.0639, training loss at epoch 295: 0.8614
using time 1519.1383, training loss at epoch 296: 0.8994
using time 1519.0566, training loss at epoch 297: 0.9367
using time 1519.1211, training loss at epoch 298: 0.9034
+-------+--------------------+-------------------+-------------------+---------------------+----------------------------------------------------------+----------------------------------------------------------+----------------------------------------------------------+----------------------------------------------------------+
| Epoch |   training time    |    tesing time    |        Loss       |       cos loss      |                          recall                          |                           ndcg                           |                        precision                         |                        hit_ratio                         |
+-------+--------------------+-------------------+-------------------+---------------------+----------------------------------------------------------+----------------------------------------------------------+----------------------------------------------------------+----------------------------------------------------------+
|  299  | 1519.0788776874542 | 87.15662217140198 | 0.894421988457907 | 0.28766226960578933 | [0.17517034 0.12335578 0.2107874  0.2623581  0.34406738] | [0.09652904 0.08054371 0.10602556 0.11828702 0.13529624] | [0.01861923 0.02522843 0.01530271 0.01178847 0.00806052] | [0.2960859  0.21319998 0.35073876 0.42341092 0.52202122] |
+-------+--------------------+-------------------+-------------------+---------------------+----------------------------------------------------------+----------------------------------------------------------+----------------------------------------------------------+----------------------------------------------------------+
using time 1519.5885, training loss at epoch 300: 0.8631
using time 1519.0606, training loss at epoch 301: 0.9951
using time 1519.1004, training loss at epoch 302: 0.8909
using time 1519.0449, training loss at epoch 303: 0.8050
using time 1519.0797, training loss at epoch 304: 0.8168
using time 1519.0463, training loss at epoch 305: 0.8542
using time 1519.1357, training loss at epoch 306: 0.9143
using time 1519.1322, training loss at epoch 307: 0.9013
using time 1519.0549, training loss at epoch 308: 0.8288
+-------+------------------+-------------------+--------------------+---------------------+----------------------------------------------------------+----------------------------------------------------------+----------------------------------------------------------+----------------------------------------------------------+
| Epoch |  training time   |    tesing time    |        Loss        |       cos loss      |                          recall                          |                           ndcg                           |                        precision                         |                        hit_ratio                         |
+-------+------------------+-------------------+--------------------+---------------------+----------------------------------------------------------+----------------------------------------------------------+----------------------------------------------------------+----------------------------------------------------------+
|  309  | 1519.06725025177 | 87.72375535964966 | 0.8334091274882667 | 0.28644073152099736 | [0.17657298 0.12549425 0.21287978 0.26333722 0.34530441] | [0.09791576 0.0821622  0.10761031 0.11961026 0.13671772] | [0.01875522 0.0256265  0.01546184 0.0118304  0.00810415] | [0.29859331 0.21640152 0.35388364 0.42448754 0.52321117] |
+-------+------------------+-------------------+--------------------+---------------------+----------------------------------------------------------+----------------------------------------------------------+----------------------------------------------------------+----------------------------------------------------------+
using time 1519.3457, training loss at epoch 310: 0.9157
using time 1519.0688, training loss at epoch 311: 0.8358
using time 1519.1009, training loss at epoch 312: 0.8207
using time 1519.0576, training loss at epoch 313: 0.8073
using time 1519.0758, training loss at epoch 314: 0.8884
using time 1519.0847, training loss at epoch 315: 0.7878
using time 1519.0276, training loss at epoch 316: 0.8294
using time 1519.0593, training loss at epoch 317: 0.8532
using time 1519.9172, training loss at epoch 318: 0.8083
+-------+--------------------+-------------------+-------------------+--------------------+----------------------------------------------------------+----------------------------------------------------------+----------------------------------------------------------+----------------------------------------------------------+
| Epoch |   training time    |    tesing time    |        Loss       |      cos loss      |                          recall                          |                           ndcg                           |                        precision                         |                        hit_ratio                         |
+-------+--------------------+-------------------+-------------------+--------------------+----------------------------------------------------------+----------------------------------------------------------+----------------------------------------------------------+----------------------------------------------------------+
|  319  | 1519.5445294380188 | 89.29617500305176 | 0.798544600023888 | 0.2874223140825052 | [0.1764042  0.12546898 0.21274063 0.26332712 0.34468296] | [0.0981254  0.08238867 0.10782123 0.11985875 0.13682071] | [0.01873539 0.02563075 0.01545239 0.01183182 0.00808106] | [0.2986783  0.21650069 0.35364282 0.42434588 0.5224887 ] |
+-------+--------------------+-------------------+-------------------+--------------------+----------------------------------------------------------+----------------------------------------------------------+----------------------------------------------------------+----------------------------------------------------------+
using time 1520.5462, training loss at epoch 320: 0.8399
using time 1519.6858, training loss at epoch 321: 0.7592
using time 1518.8034, training loss at epoch 322: 0.8101
using time 1518.8893, training loss at epoch 323: 0.8159
using time 1518.9396, training loss at epoch 324: 0.7668
using time 1518.8431, training loss at epoch 325: 0.8033
using time 1519.0140, training loss at epoch 326: 0.7732
using time 1518.9967, training loss at epoch 327: 0.7620
using time 1519.0174, training loss at epoch 328: 0.7691
+-------+-------------------+-------------------+--------------------+---------------------+----------------------------------------------------------+----------------------------------------------------------+----------------------------------------------------------+----------------------------------------------------------+
| Epoch |   training time   |    tesing time    |        Loss        |       cos loss      |                          recall                          |                           ndcg                           |                        precision                         |                        hit_ratio                         |
+-------+-------------------+-------------------+--------------------+---------------------+----------------------------------------------------------+----------------------------------------------------------+----------------------------------------------------------+----------------------------------------------------------+
|  329  | 1519.110783815384 | 87.54555344581604 | 0.7779441354214214 | 0.28610904936795123 | [0.17614717 0.12468159 0.21221343 0.26366555 0.34523713] | [0.09770528 0.08181419 0.10728964 0.11952581 0.13657089] | [0.01872193 0.02549475 0.01538298 0.01182445 0.00809862] | [0.29818249 0.21518324 0.35241036 0.42496919 0.52326784] |
+-------+-------------------+-------------------+--------------------+---------------------+----------------------------------------------------------+----------------------------------------------------------+----------------------------------------------------------+----------------------------------------------------------+
using time 1522.1817, training loss at epoch 330: 0.8072
using time 1518.8532, training loss at epoch 331: 0.7260
using time 1519.0537, training loss at epoch 332: 0.7511
using time 1518.9453, training loss at epoch 333: 0.7263
using time 1518.9797, training loss at epoch 334: 0.7842
using time 1520.6892, training loss at epoch 335: 0.7352
using time 1522.2090, training loss at epoch 336: 0.7444
using time 1522.1141, training loss at epoch 337: 0.7675
using time 1522.1075, training loss at epoch 338: 0.7268
+-------+--------------------+-------------------+--------------------+---------------------+----------------------------------------------------------+----------------------------------------------------------+----------------------------------------------------------+----------------------------------------------------------+
| Epoch |   training time    |    tesing time    |        Loss        |       cos loss      |                          recall                          |                           ndcg                           |                        precision                         |                        hit_ratio                         |
+-------+--------------------+-------------------+--------------------+---------------------+----------------------------------------------------------+----------------------------------------------------------+----------------------------------------------------------+----------------------------------------------------------+
|  339  | 1519.6662616729736 | 87.08822464942932 | 0.7432972271344624 | 0.28640199251822196 | [0.17668789 0.12487421 0.21259762 0.26318132 0.3446747 ] | [0.09785874 0.08188072 0.10741799 0.11948611 0.13649334] | [0.01875947 0.02553017 0.01540942 0.01182474 0.00808956] | [0.29931578 0.2154099  0.3531045  0.42438838 0.52342367] |
+-------+--------------------+-------------------+--------------------+---------------------+----------------------------------------------------------+----------------------------------------------------------+----------------------------------------------------------+----------------------------------------------------------+
using time 1522.3822, training loss at epoch 340: 0.7475
using time 1522.1769, training loss at epoch 341: 0.7224
using time 1522.1213, training loss at epoch 342: 0.7188
using time 1522.1491, training loss at epoch 343: 0.7142
using time 1522.3955, training loss at epoch 344: 0.8199
using time 1522.0984, training loss at epoch 345: 0.7485
using time 1522.0788, training loss at epoch 346: 0.7944
using time 1522.0158, training loss at epoch 347: 0.7059
using time 1521.8701, training loss at epoch 348: 0.6796
+-------+--------------------+-------------------+--------------------+-------------------+----------------------------------------------------------+----------------------------------------------------------+----------------------------------------------------------+----------------------------------------------------------+
| Epoch |   training time    |    tesing time    |        Loss        |      cos loss     |                          recall                          |                           ndcg                           |                        precision                         |                        hit_ratio                         |
+-------+--------------------+-------------------+--------------------+-------------------+----------------------------------------------------------+----------------------------------------------------------+----------------------------------------------------------+----------------------------------------------------------+
|  349  | 1521.9108653068542 | 88.54129815101624 | 0.7261723389383405 | 0.286018832877744 | [0.17650529 0.1251502  0.2127201  0.26312225 0.34483711] | [0.09795973 0.08209297 0.10759648 0.11962145 0.13665606] | [0.01876372 0.02549617 0.01544956 0.01183295 0.00809777] | [0.29948577 0.21577822 0.35389781 0.42489836 0.52333867] |
+-------+--------------------+-------------------+--------------------+-------------------+----------------------------------------------------------+----------------------------------------------------------+----------------------------------------------------------+----------------------------------------------------------+
using time 1519.4277, training loss at epoch 350: 0.7142
using time 1519.1178, training loss at epoch 351: 0.7149
using time 1519.0681, training loss at epoch 352: 0.7046
using time 1519.0720, training loss at epoch 353: 0.7354
using time 1518.9226, training loss at epoch 354: 0.7372
using time 1519.0589, training loss at epoch 355: 0.7635
using time 1519.1147, training loss at epoch 356: 0.6890
using time 1519.6760, training loss at epoch 357: 0.7413
using time 1520.4171, training loss at epoch 358: 0.6797
+-------+--------------------+-------------------+--------------------+---------------------+----------------------------------------------------------+----------------------------------------------------------+----------------------------------------------------------+----------------------------------------------------------+
| Epoch |   training time    |    tesing time    |        Loss        |       cos loss      |                          recall                          |                           ndcg                           |                        precision                         |                        hit_ratio                         |
+-------+--------------------+-------------------+--------------------+---------------------+----------------------------------------------------------+----------------------------------------------------------+----------------------------------------------------------+----------------------------------------------------------+
|  359  | 1519.0322432518005 | 88.29935383796692 | 0.6874668371165171 | 0.28531635177205317 | [0.17612325 0.12448718 0.21228752 0.26342065 0.34421142] | [0.09782368 0.08186175 0.10748571 0.11964279 0.13650527] | [0.01873256 0.02544942 0.01544767 0.01184854 0.00809168] | [0.29778584 0.21478659 0.35292034 0.42482753 0.52291369] |
+-------+--------------------+-------------------+--------------------+---------------------+----------------------------------------------------------+----------------------------------------------------------+----------------------------------------------------------+----------------------------------------------------------+
using time 1519.7344, training loss at epoch 360: 0.7127
using time 1518.9732, training loss at epoch 361: 0.6537
using time 1520.9287, training loss at epoch 362: 0.6952
using time 1523.0796, training loss at epoch 363: 0.6917
using time 1523.1607, training loss at epoch 364: 0.6744
using time 1523.1720, training loss at epoch 365: 0.7189
using time 1523.1746, training loss at epoch 366: 0.6686
using time 1523.2528, training loss at epoch 367: 0.7247
using time 1523.3087, training loss at epoch 368: 0.6429
+-------+-------------------+-------------------+--------------------+-------------------+----------------------------------------------------------+----------------------------------------------------------+----------------------------------------------------------+----------------------------------------------------------+
| Epoch |   training time   |    tesing time    |        Loss        |      cos loss     |                          recall                          |                           ndcg                           |                        precision                         |                        hit_ratio                         |
+-------+-------------------+-------------------+--------------------+-------------------+----------------------------------------------------------+----------------------------------------------------------+----------------------------------------------------------+----------------------------------------------------------+
|  369  | 1523.330286026001 | 91.74920654296875 | 0.7492689132341184 | 0.284611668495927 | [0.17674858 0.12571014 0.21278543 0.26407451 0.34432112] | [0.09867292 0.08289319 0.10829009 0.12050095 0.13724084] | [0.01878922 0.02562791 0.01546892 0.01188338 0.00808857] | [0.29879163 0.21617487 0.35328866 0.42586165 0.52295618] |
+-------+-------------------+-------------------+--------------------+-------------------+----------------------------------------------------------+----------------------------------------------------------+----------------------------------------------------------+----------------------------------------------------------+
using time 1525.5550, training loss at epoch 370: 0.6850
using time 1527.9442, training loss at epoch 371: 0.6549
using time 1527.9040, training loss at epoch 372: 0.6617
using time 1527.9242, training loss at epoch 373: 0.6377
using time 1527.6728, training loss at epoch 374: 0.6737
using time 1523.2851, training loss at epoch 375: 0.6481
using time 1523.3089, training loss at epoch 376: 0.6268
using time 1523.2406, training loss at epoch 377: 0.7382
using time 1523.3432, training loss at epoch 378: 0.6749
+-------+-------------------+-------------------+-------------------+--------------------+----------------------------------------------------------+----------------------------------------------------------+----------------------------------------------------------+----------------------------------------------------------+
| Epoch |   training time   |    tesing time    |        Loss       |      cos loss      |                          recall                          |                           ndcg                           |                        precision                         |                        hit_ratio                         |
+-------+-------------------+-------------------+-------------------+--------------------+----------------------------------------------------------+----------------------------------------------------------+----------------------------------------------------------+----------------------------------------------------------+
|  379  | 1523.356647014618 | 91.17289280891418 | 0.643066899094265 | 0.2837476413405966 | [0.17683472 0.12529433 0.21344565 0.26426371 0.34508444] | [0.09883583 0.08292278 0.10858236 0.12070216 0.13757634] | [0.01880339 0.02557975 0.01549206 0.01189103 0.00810627] | [0.29930161 0.21562239 0.35462028 0.42601748 0.5234945 ] |
+-------+-------------------+-------------------+-------------------+--------------------+----------------------------------------------------------+----------------------------------------------------------+----------------------------------------------------------+----------------------------------------------------------+
early stopping at 379, recall@20:0.1783
