nohup: ignoring input
Using backend: pytorch
reading train and test user-item set ...
combinating train_cf and kg data ...
building the graph ...
start training ...
using time 1433.8284, using time 1433.8284, training loss at epoch 0: 743.001964
+-------+-------------------+--------------------+--------------------+----------------------+----------------------------------------------------------+----------------------------------------------------------+----------------------------------------------------------+----------------------------------------------------------+
| Epoch |   training time   |    tesing time     |        Loss        |       cos loss       |                          recall                          |                           ndcg                           |                        precision                         |                        hit_ratio                         |
+-------+-------------------+--------------------+--------------------+----------------------+----------------------------------------------------------+----------------------------------------------------------+----------------------------------------------------------+----------------------------------------------------------+
|   1   | 1432.934589624405 | 140.49657535552979 | 453.47021225094795 | 0.038198204836589866 | [0.03800955 0.01287892 0.02211374 0.07558126 0.12114233] | [0.02223603 0.01257237 0.01651678 0.0329829  0.04370636] | [0.00647219 0.00869118 0.00753026 0.0051849  0.00417703] | [0.12193102 0.04265407 0.07288843 0.22802583 0.33864403] |
+-------+-------------------+--------------------+--------------------+----------------------+----------------------------------------------------------+----------------------------------------------------------+----------------------------------------------------------+----------------------------------------------------------+
using time 1430.4585, using time 1433.8284, training loss at epoch 2: 413.239788
using time 1430.1033, using time 1433.8284, training loss at epoch 3: 385.016694
using time 1431.6440, using time 1433.8284, training loss at epoch 4: 361.620772
using time 1433.1678, using time 1433.8284, training loss at epoch 5: 341.838420
using time 1432.4443, using time 1433.8284, training loss at epoch 6: 324.834815
using time 1430.7166, using time 1433.8284, training loss at epoch 7: 309.457878
using time 1432.4354, using time 1433.8284, training loss at epoch 8: 295.327581
+-------+--------------------+--------------------+--------------------+---------------------+----------------------------------------------------------+----------------------------------------------------------+----------------------------------------------------------+----------------------------------------------------------+
| Epoch |   training time    |    tesing time     |        Loss        |       cos loss      |                          recall                          |                           ndcg                           |                        precision                         |                        hit_ratio                         |
+-------+--------------------+--------------------+--------------------+---------------------+----------------------------------------------------------+----------------------------------------------------------+----------------------------------------------------------+----------------------------------------------------------+
|   9   | 1430.9406380653381 | 136.82006454467773 | 281.65692995488644 | 0.07693969656611443 | [0.07187446 0.02721829 0.04460695 0.1280933  0.1903076 ] | [0.04258381 0.02537175 0.0327998  0.05865899 0.07329322] | [0.01209113 0.01821557 0.01496814 0.00868752 0.00648666] | [0.21477814 0.08737373 0.13931862 0.35127291 0.4791131 ] |
+-------+--------------------+--------------------+--------------------+---------------------+----------------------------------------------------------+----------------------------------------------------------+----------------------------------------------------------+----------------------------------------------------------+
using time 1431.7796, training loss at epoch 10: 268.689798
using time 1430.6827, training loss at epoch 11: 256.210312
using time 1432.2025, training loss at epoch 12: 244.003453
using time 1431.5589, training loss at epoch 13: 233.394691
using time 1430.7546, training loss at epoch 14: 223.077977
using time 1433.3815, training loss at epoch 15: 213.103595
using time 1432.6996, training loss at epoch 16: 203.641254
using time 1430.6683, training loss at epoch 17: 195.084973
using time 1431.5317, training loss at epoch 18: 185.287405
+-------+-------------------+--------------------+--------------------+---------------------+----------------------------------------------------------+----------------------------------------------------------+----------------------------------------------------------+----------------------------------------------------------+
| Epoch |   training time   |    tesing time     |        Loss        |       cos loss      |                          recall                          |                           ndcg                           |                        precision                         |                        hit_ratio                         |
+-------+-------------------+--------------------+--------------------+---------------------+----------------------------------------------------------+----------------------------------------------------------+----------------------------------------------------------+----------------------------------------------------------+
|   19  | 1433.709909439087 | 136.13501238822937 | 177.48464740812778 | 0.11703950372611871 | [0.09068789 0.03613965 0.05829921 0.15554431 0.22508985] | [0.05568438 0.03462288 0.04405044 0.07421466 0.09058399] | [0.01523484 0.02411254 0.0194802  0.01051797 0.00765682] | [0.26153725 0.11442691 0.17683921 0.40874347 0.53824834] |
+-------+-------------------+--------------------+--------------------+---------------------+----------------------------------------------------------+----------------------------------------------------------+----------------------------------------------------------+----------------------------------------------------------+
using time 1432.2664, training loss at epoch 20: 169.296464
using time 1431.3735, training loss at epoch 21: 161.874120
using time 1430.9830, training loss at epoch 22: 154.512890
using time 1431.6108, training loss at epoch 23: 146.901187
using time 1432.2661, training loss at epoch 24: 139.515584
using time 1431.1382, training loss at epoch 25: 132.260712
using time 1430.5109, training loss at epoch 26: 125.819743
using time 1432.8471, training loss at epoch 27: 119.394780
using time 1431.5129, training loss at epoch 28: 113.758348
+-------+-------------------+--------------------+--------------------+---------------------+----------------------------------------------------------+----------------------------------------------------------+----------------------------------------------------------+----------------------------------------------------------+
| Epoch |   training time   |    tesing time     |        Loss        |       cos loss      |                          recall                          |                           ndcg                           |                        precision                         |                        hit_ratio                         |
+-------+-------------------+--------------------+--------------------+---------------------+----------------------------------------------------------+----------------------------------------------------------+----------------------------------------------------------+----------------------------------------------------------+
|   29  | 1432.148950099945 | 139.35667324066162 | 108.38496105745435 | 0.15588124149508076 | [0.10362949 0.04263762 0.06760236 0.1729731  0.24533531] | [0.06449742 0.04097786 0.05157336 0.08432836 0.10139417] | [0.01736798 0.0283518  0.02253676 0.01169108 0.00835336] | [0.29294822 0.13279064 0.20158275 0.44295214 0.56994692] |
+-------+-------------------+--------------------+--------------------+---------------------+----------------------------------------------------------+----------------------------------------------------------+----------------------------------------------------------+----------------------------------------------------------+
using time 1431.7504, training loss at epoch 30: 102.759809
using time 1430.7079, training loss at epoch 31: 97.213789
using time 1432.3095, training loss at epoch 32: 92.255931
using time 1431.3825, training loss at epoch 33: 87.317004
using time 1432.6108, training loss at epoch 34: 83.072916
using time 1430.8311, training loss at epoch 35: 78.761205
using time 1433.2726, training loss at epoch 36: 74.153555
using time 1432.4208, training loss at epoch 37: 70.585801
using time 1434.5601, training loss at epoch 38: 66.876745
+-------+--------------------+--------------------+--------------------+---------------------+----------------------------------------------------------+----------------------------------------------------------+----------------------------------------------------------+----------------------------------------------------------+
| Epoch |   training time    |    tesing time     |        Loss        |       cos loss      |                          recall                          |                           ndcg                           |                        precision                         |                        hit_ratio                         |
+-------+--------------------+--------------------+--------------------+---------------------+----------------------------------------------------------+----------------------------------------------------------+----------------------------------------------------------+----------------------------------------------------------+
|   39  | 1432.0278685092926 | 137.19086527824402 | 63.314088236540556 | 0.19633216252259444 | [0.11208145 0.04728298 0.07404587 0.1841352  0.25873649] | [0.07060198 0.04560678 0.05695919 0.09123052 0.10882095] | [0.01879298 0.03139876 0.0247052  0.01245945 0.00881503] | [0.31213994 0.14603833 0.21898777 0.46352964 0.58948726] |
+-------+--------------------+--------------------+--------------------+---------------------+----------------------------------------------------------+----------------------------------------------------------+----------------------------------------------------------+----------------------------------------------------------+
using time 1433.9001, training loss at epoch 40: 59.955807
using time 1432.5620, training loss at epoch 41: 56.713455
using time 1430.8319, training loss at epoch 42: 53.975921
using time 1431.2653, training loss at epoch 43: 51.157808
using time 1431.3398, training loss at epoch 44: 48.380939
using time 1432.0309, training loss at epoch 45: 46.024625
using time 1434.1294, training loss at epoch 46: 43.932635
using time 1432.6466, training loss at epoch 47: 41.651409
using time 1430.7749, training loss at epoch 48: 39.566006
+-------+--------------------+--------------------+-------------------+---------------------+----------------------------------------------------------+----------------------------------------------------------+----------------------------------------------------------+----------------------------------------------------------+
| Epoch |   training time    |    tesing time     |        Loss       |       cos loss      |                          recall                          |                           ndcg                           |                        precision                         |                        hit_ratio                         |
+-------+--------------------+--------------------+-------------------+---------------------+----------------------------------------------------------+----------------------------------------------------------+----------------------------------------------------------+----------------------------------------------------------+
|   49  | 1431.8823096752167 | 143.14011693000793 | 37.86733213439584 | 0.23715934934443794 | [0.11730611 0.04982891 0.07759756 0.19145284 0.26749348] | [0.07409088 0.0480481  0.05982871 0.09534173 0.11326267] | [0.01966584 0.03306693 0.02586524 0.01295397 0.00910962] | [0.32382754 0.15315025 0.2281217  0.47656815 0.60162807] |
+-------+--------------------+--------------------+-------------------+---------------------+----------------------------------------------------------+----------------------------------------------------------+----------------------------------------------------------+----------------------------------------------------------+
using time 1431.9568, training loss at epoch 50: 36.034524
using time 1432.6348, training loss at epoch 51: 33.949161
using time 1434.2569, training loss at epoch 52: 32.326606
using time 1433.3614, training loss at epoch 53: 30.738717
using time 1442.3219, training loss at epoch 54: 29.484409
using time 1456.5297, training loss at epoch 55: 28.333244
using time 1459.1099, training loss at epoch 56: 26.850548
using time 1458.3687, training loss at epoch 57: 25.633300
using time 1456.2103, training loss at epoch 58: 24.402267
+-------+--------------------+--------------------+--------------------+--------------------+----------------------------------------------------------+----------------------------------------------------------+----------------------------------------------------------+----------------------------------------------------------+
| Epoch |   training time    |    tesing time     |        Loss        |      cos loss      |                          recall                          |                           ndcg                           |                        precision                         |                        hit_ratio                         |
+-------+--------------------+--------------------+--------------------+--------------------+----------------------------------------------------------+----------------------------------------------------------+----------------------------------------------------------+----------------------------------------------------------+
|   59  | 1457.4731669425964 | 176.82924890518188 | 23.267844803631306 | 0.2765815938473679 | [0.12065395 0.05198486 0.08067751 0.19645433 0.27252559] | [0.07678639 0.05031311 0.06242196 0.09850733 0.11645455] | [0.02021972 0.03449105 0.0268562  0.01329144 0.0092855 ] | [0.3315234  0.15951262 0.23587857 0.48450805 0.6090799 ] |
+-------+--------------------+--------------------+--------------------+--------------------+----------------------------------------------------------+----------------------------------------------------------+----------------------------------------------------------+----------------------------------------------------------+
using time 1455.1698, training loss at epoch 60: 22.340135
using time 1456.9982, training loss at epoch 61: 21.193462
using time 1457.6341, training loss at epoch 62: 20.779088
using time 1459.0854, training loss at epoch 63: 19.735774
using time 1457.6328, training loss at epoch 64: 18.873521
using time 1457.1298, training loss at epoch 65: 17.855884
using time 1442.0683, training loss at epoch 66: 17.242509
using time 1434.2198, training loss at epoch 67: 16.450169
using time 1432.7436, training loss at epoch 68: 15.741748
+-------+--------------------+--------------------+--------------------+--------------------+----------------------------------------------------------+----------------------------------------------------------+----------------------------------------------------------+----------------------------------------------------------+
| Epoch |   training time    |    tesing time     |        Loss        |      cos loss      |                          recall                          |                           ndcg                           |                        precision                         |                        hit_ratio                         |
+-------+--------------------+--------------------+--------------------+--------------------+----------------------------------------------------------+----------------------------------------------------------+----------------------------------------------------------+----------------------------------------------------------+
|   69  | 1435.1770811080933 | 138.49035811424255 | 15.225576759316027 | 0.3138428137463052 | [0.12326918 0.05299989 0.08207088 0.19925984 0.27612911] | [0.07844482 0.05132469 0.06363839 0.10020642 0.1183523 ] | [0.02066116 0.03509069 0.02732336 0.01347917 0.00940943] | [0.33744128 0.16187455 0.23901618 0.49017318 0.61322851] |
+-------+--------------------+--------------------+--------------------+--------------------+----------------------------------------------------------+----------------------------------------------------------+----------------------------------------------------------+----------------------------------------------------------+
using time 1433.9197, training loss at epoch 70: 14.748990
using time 1432.3492, training loss at epoch 71: 14.100485
using time 1431.4806, training loss at epoch 72: 13.567630
using time 1433.5831, training loss at epoch 73: 12.889000
using time 1434.9164, training loss at epoch 74: 12.651768
using time 1432.1830, training loss at epoch 75: 12.162241
using time 1431.7005, training loss at epoch 76: 11.643416
using time 1434.5319, training loss at epoch 77: 11.237857
using time 1432.8517 training loss at epoch 78: 10.855993
+-------+--------------------+-------------------+--------------------+---------------------+----------------------------------------------------------+----------------------------------------------------------+----------------------------------------------------------+----------------------------------------------------------+
| Epoch |   training time    |    tesing time    |        Loss        |       cos loss      |                          recall                          |                           ndcg                           |                        precision                         |                        hit_ratio                         |
+-------+--------------------+-------------------+--------------------+---------------------+----------------------------------------------------------+----------------------------------------------------------+----------------------------------------------------------+----------------------------------------------------------+
|   79  | 1431.5399758815765 | 145.1625852584839 | 10.387398390565068 | 0.34800624498166144 | [0.12395151 0.05378565 0.08330217 0.20069408 0.27714994] | [0.07917654 0.05205257 0.06458155 0.10117515 0.11923407] | [0.02077839 0.03555435 0.0277051  0.01357121 0.00944534] | [0.33950687 0.16403601 0.24253728 0.49277042 0.61483218] |
+-------+--------------------+-------------------+--------------------+---------------------+----------------------------------------------------------+----------------------------------------------------------+----------------------------------------------------------+----------------------------------------------------------+
using time 1432.5981, training loss at epoch 80: 10.097337
using time 1433.3472, training loss at epoch 81: 9.787803
using time 1434.2973, training loss at epoch 82: 9.485330
using time 1431.3971, training loss at epoch 83: 9.081108
using time 1430.6481, training loss at epoch 84: 8.737869
using time 1431.6328, training loss at epoch 85: 8.548105
using time 1430.9851, training loss at epoch 86: 8.192492
using time 1432.8749, training loss at epoch 87: 7.962747
using time 1433.2189, training loss at epoch 88: 7.750491
+-------+-------------------+--------------------+-------------------+--------------------+----------------------------------------------------------+----------------------------------------------------------+----------------------------------------------------------+----------------------------------------------------------+
| Epoch |   training time   |    tesing time     |        Loss       |      cos loss      |                          recall                          |                           ndcg                           |                        precision                         |                        hit_ratio                         |
+-------+-------------------+--------------------+-------------------+--------------------+----------------------------------------------------------+----------------------------------------------------------+----------------------------------------------------------+----------------------------------------------------------+
|   89  | 1432.095522403717 | 142.47538423538208 | 7.406654953490943 | 0.3794631466444116 | [0.12481595 0.05419186 0.08372388 0.20164569 0.27824189] | [0.07969558 0.05241821 0.06495933 0.10173218 0.1198213 ] | [0.02092132 0.03587683 0.02787941 0.01365331 0.00949206] | [0.34101467 0.16524748 0.24306022 0.49433923 0.61546842] |
+-------+-------------------+--------------------+-------------------+--------------------+----------------------------------------------------------+----------------------------------------------------------+----------------------------------------------------------+----------------------------------------------------------+
using time 1432.5971, training loss at epoch 90: 7.271877
using time 1433.2697, training loss at epoch 91: 7.030880
using time 1431.2491, training loss at epoch 92: 6.784195
using time 1430.5871, training loss at epoch 93: 6.697700
using time 1432.3681, training loss at epoch 94: 6.443927
using time 1433.1482, training loss at epoch 95: 6.235071
using time 1431.8591, training loss at epoch 96: 6.104373
using time 1432.3671, training loss at epoch 97: 5.860988
using time 1431.0268, training loss at epoch 98: 5.739637
+-------+--------------------+--------------------+-------------------+---------------------+----------------------------------------------------------+----------------------------------------------------------+----------------------------------------------------------+----------------------------------------------------------+
| Epoch |   training time    |    tesing time     |        Loss       |       cos loss      |                          recall                          |                           ndcg                           |                        precision                         |                        hit_ratio                         |
+-------+--------------------+--------------------+-------------------+---------------------+----------------------------------------------------------+----------------------------------------------------------+----------------------------------------------------------+----------------------------------------------------------+
|   99  | 1432.6892683506012 | 146.77717304229736 | 5.681671590893529 | 0.40808814868796617 | [0.12511055 0.05434013 0.08385273 0.20167624 0.27786397] | [0.07992371 0.0525966  0.06509735 0.10188884 0.11988317] | [0.02094965 0.03597968 0.02788551 0.01365105 0.00947532] | [0.34144173 0.1657094  0.2434437  0.49344152 0.6149542 ] |
+-------+--------------------+--------------------+-------------------+---------------------+----------------------------------------------------------+----------------------------------------------------------+----------------------------------------------------------+----------------------------------------------------------+
using time 1431.8391, training loss at epoch 100: 5.411069
using time 1432.6518, training loss at epoch 101: 5.281635
using time 1433.6817, training loss at epoch 102: 5.136121
using time 1432.4364, training loss at epoch 103: 5.005930
using time 1431.2981, training loss at epoch 104: 4.859482
using time 1430.6819, training loss at epoch 105: 4.781112
using time 1432.3617, training loss at epoch 106: 4.661873
using time 1431.5294, training loss at epoch 107: 4.532425
using time 1433.2087, training loss at epoch 108: 4.422574
+-------+--------------------+--------------------+-------------------+---------------------+----------------------------------------------------------+----------------------------------------------------------+----------------------------------------------------------+----------------------------------------------------------+
| Epoch |   training time    |    tesing time     |        Loss       |       cos loss      |                          recall                          |                           ndcg                           |                        precision                         |                        hit_ratio                         |
+-------+--------------------+--------------------+-------------------+---------------------+----------------------------------------------------------+----------------------------------------------------------+----------------------------------------------------------+----------------------------------------------------------+
|  109  | 1433.7987034320831 | 136.58283829689026 | 4.325286110397428 | 0.43427784694358706 | [0.12517567 0.05442614 0.08412744 0.20199763 0.27791339] | [0.0800721  0.05270536 0.06532444 0.10211916 0.12003261] | [0.0209758  0.03597968 0.0279901  0.01367667 0.00947419] | [0.3419298  0.16558739 0.24441113 0.49462684 0.61474503] |
+-------+--------------------+--------------------+-------------------+---------------------+----------------------------------------------------------+----------------------------------------------------------+----------------------------------------------------------+----------------------------------------------------------+
using time 1431.5697, training loss at epoch 110: 4.225093
using time 1432.1649, training loss at epoch 111: 4.085864
using time 1433.0294, training loss at epoch 112: 4.031931
using time 1431.3048, training loss at epoch 113: 3.912748
using time 1432.6917, training loss at epoch 114: 3.835859
using time 1430.8239, training loss at epoch 115: 3.757957
using time 1432.6218, training loss at epoch 116: 3.636531
using time 1431.2673, training loss at epoch 117: 3.630325
using time 1432.5197, training loss at epoch 118: 3.493862
+-------+--------------------+--------------------+-------------------+---------------------+----------------------------------------------------------+----------------------------------------------------------+----------------------------------------------------------+----------------------------------------------------------+
| Epoch |   training time    |    tesing time     |        Loss       |       cos loss      |                          recall                          |                           ndcg                           |                        precision                         |                        hit_ratio                         |
+-------+--------------------+--------------------+-------------------+---------------------+----------------------------------------------------------+----------------------------------------------------------+----------------------------------------------------------+----------------------------------------------------------+
|  119  | 1432.5951707363129 | 144.83026099205017 | 3.445024649845436 | 0.45772868205676787 | [0.12533292 0.05434983 0.08412109 0.20151521 0.27776622] | [0.08009046 0.05266951 0.06530214 0.10197064 0.11997021] | [0.02096534 0.03599885 0.02798748 0.01364547 0.00947201] | [0.34216513 0.16552638 0.24390563 0.4935984  0.61412622] |
+-------+--------------------+--------------------+-------------------+---------------------+----------------------------------------------------------+----------------------------------------------------------+----------------------------------------------------------+----------------------------------------------------------+
using time 1433.2617, training loss at epoch 120: 3.410116
using time 1431.5960, training loss at epoch 121: 3.290215
using time 1433.8296, training loss at epoch 122: 3.261234
using time 1431.5273, training loss at epoch 123: 3.165852
using time 1433.7619, training loss at epoch 124: 3.068990
using time 1432.1673, training loss at epoch 125: 3.102538
using time 1431.5761, training loss at epoch 126: 3.010646
using time 1432.1834, training loss at epoch 127: 2.951222
using time 1431.5079, training loss at epoch 128: 2.875101
+-------+--------------------+--------------------+--------------------+--------------------+----------------------------------------------------------+----------------------------------------------------------+----------------------------------------------------------+----------------------------------------------------------+
| Epoch |   training time    |    tesing time     |        Loss        |      cos loss      |                          recall                          |                           ndcg                           |                        precision                         |                        hit_ratio                         |
+-------+--------------------+--------------------+--------------------+--------------------+----------------------------------------------------------+----------------------------------------------------------+----------------------------------------------------------+----------------------------------------------------------+
|  129  | 1431.4429111480713 | 138.01692080497742 | 2.8516556813847274 | 0.4784909826994408 | [0.12484668 0.05427308 0.08367352 0.20111804 0.27744547] | [0.07984475 0.05256835 0.06506035 0.10173955 0.11976376] | [0.0208991  0.03592564 0.02786895 0.01361183 0.00946033] | [0.34112797 0.16529977 0.24311251 0.49277914 0.61328952] |
+-------+--------------------+--------------------+--------------------+--------------------+----------------------------------------------------------+----------------------------------------------------------+----------------------------------------------------------+----------------------------------------------------------+
using time 1432.6719, training loss at epoch 130: 2.794466
using time 1430.8197, training loss at epoch 131: 2.818555
using time 1431.6283, training loss at epoch 132: 2.669753
using time 1433.6791, training loss at epoch 133: 2.620815
using time 1430.9986, training loss at epoch 134: 2.629520
using time 1435.1087, training loss at epoch 135: 2.574697
using time 1449.2681, training loss at epoch 136: 2.546155
using time 1459.6872, training loss at epoch 137: 2.530258
using time 1460.1283, training loss at epoch 138: 2.443815
+-------+--------------------+-------------------+--------------------+--------------------+----------------------------------------------------------+----------------------------------------------------------+----------------------------------------------------------+----------------------------------------------------------+
| Epoch |   training time    |    tesing time    |        Loss        |      cos loss      |                          recall                          |                           ndcg                           |                        precision                         |                        hit_ratio                         |
+-------+--------------------+-------------------+--------------------+--------------------+----------------------------------------------------------+----------------------------------------------------------+----------------------------------------------------------+----------------------------------------------------------+
|  139  | 1458.1817374229431 | 173.0400950908661 | 2.4123595412820578 | 0.4966457606642507 | [0.124643   0.05401581 0.08337755 0.20047873 0.2765794 ] | [0.07971013 0.05244024 0.06488784 0.10148962 0.1194673 ] | [0.02085988 0.03578096 0.0277356  0.01357104 0.00943244] | [0.34043944 0.16447179 0.24223224 0.4914718  0.61201705] |
+-------+--------------------+-------------------+--------------------+--------------------+----------------------------------------------------------+----------------------------------------------------------+----------------------------------------------------------+----------------------------------------------------------+
using time 1457.2680, training loss at epoch 140: 2.371776
using time 1459.3146, training loss at epoch 141: 2.326436
using time 1459.8438, training loss at epoch 142: 2.286664
using time 1460.2187, training loss at epoch 143: 2.224954
using time 1458.3918, training loss at epoch 144: 2.229865
using time 1459.4768, training loss at epoch 145: 2.197368
using time 1458.6419, training loss at epoch 146: 2.125221
using time 1457.2089, training loss at epoch 147: 2.168015
using time 1459.1643, training loss at epoch 148: 2.122565
+-------+--------------------+--------------------+-------------------+-------------------+----------------------------------------------------------+----------------------------------------------------------+----------------------------------------------------------+----------------------------------------------------------+
| Epoch |   training time    |    tesing time     |        Loss       |      cos loss     |                          recall                          |                           ndcg                           |                        precision                         |                        hit_ratio                         |
+-------+--------------------+--------------------+-------------------+-------------------+----------------------------------------------------------+----------------------------------------------------------+----------------------------------------------------------+----------------------------------------------------------+
|  149  | 1443.7268176078796 | 142.87406826019287 | 2.104042500432115 | 0.513147353369277 | [0.12411511 0.05383932 0.08328759 0.20019334 0.27580477] | [0.07931911 0.05215624 0.06465383 0.10117068 0.11903043] | [0.02076662 0.03563454 0.02771469 0.01354925 0.00940621] | [0.33934128 0.16388785 0.24168315 0.49087043 0.61073586] |
+-------+--------------------+--------------------+-------------------+-------------------+----------------------------------------------------------+----------------------------------------------------------+----------------------------------------------------------+----------------------------------------------------------+
using time 1431.0528, training loss at epoch 150: 2.017360
using time 1433.2984, training loss at epoch 151: 1.997831
using time 1432.5019, training loss at epoch 152: 1.981920
using time 1433.2687, training loss at epoch 153: 1.974475
using time 1434.2167, training loss at epoch 154: 1.932278
using time 1431.5738, training loss at epoch 155: 1.975540
using time 1433.2980, training loss at epoch 156: 1.887387
using time 1434.6217, training loss at epoch 157: 1.855520
using time 1432.6718, training loss at epoch 158: 1.841634
+-------+--------------------+--------------------+--------------------+--------------------+----------------------------------------------------------+----------------------------------------------------------+----------------------------------------------------------+----------------------------------------------------------+
| Epoch |   training time    |    tesing time     |        Loss        |      cos loss      |                          recall                          |                           ndcg                           |                        precision                         |                        hit_ratio                         |
+-------+--------------------+--------------------+--------------------+--------------------+----------------------------------------------------------+----------------------------------------------------------+----------------------------------------------------------+----------------------------------------------------------+
|  159  | 1433.6969287395477 | 138.12898921966553 | 1.8510719448095188 | 0.5274308839289006 | [0.12395153 0.05370972 0.08325288 0.19976619 0.27554236] | [0.07932026 0.05217513 0.06469799 0.10109235 0.11897935] | [0.02072348 0.03555087 0.02767982 0.01351456 0.0093913 ] | [0.33810366 0.16360023 0.24135196 0.48999015 0.61105833] |
+-------+--------------------+--------------------+--------------------+--------------------+----------------------------------------------------------+----------------------------------------------------------+----------------------------------------------------------+----------------------------------------------------------+
using time 1431.0576, training loss at epoch 160: 1.806735
using time 1433.4961, training loss at epoch 161: 1.810611
using time 1432.6721, training loss at epoch 162: 1.792458
using time 1432.0367, training loss at epoch 163: 1.750078
using time 1441.5817, training loss at epoch 164: 1.719722
using time 1459.9813, training loss at epoch 165: 1.702159
using time 1462.1739, training loss at epoch 166: 1.713727
using time 1463.2189, training loss at epoch 167: 1.671965
using time 1465.2783, training loss at epoch 168: 1.650236
+-------+--------------------+-------------------+--------------------+--------------------+----------------------------------------------------------+----------------------------------------------------------+----------------------------------------------------------+----------------------------------------------------------+
| Epoch |   training time    |    tesing time    |        Loss        |      cos loss      |                          recall                          |                           ndcg                           |                        precision                         |                        hit_ratio                         |
+-------+--------------------+-------------------+--------------------+--------------------+----------------------------------------------------------+----------------------------------------------------------+----------------------------------------------------------+----------------------------------------------------------+
|  169  | 1767.0905239582062 | 275.3209340572357 | 1.6189407054916956 | 0.5397765299712773 | [0.12398978 0.05357091 0.08320874 0.19898297 0.27448333] | [0.07924176 0.05198894 0.06459035 0.10075183 0.11859288] | [0.0207444  0.03542013 0.02766675 0.01345582 0.00935784] | [0.33874862 0.16286812 0.24113407 0.48893557 0.60949824] |
+-------+--------------------+-------------------+--------------------+--------------------+----------------------------------------------------------+----------------------------------------------------------+----------------------------------------------------------+----------------------------------------------------------+
using time 1461.0873, training loss at epoch 170: 1.599763
using time 1462.1986, training loss at epoch 171: 1.626625
using time 1465.2019, training loss at epoch 172: 1.617802
using time 1462.3018, training loss at epoch 173: 1.599002
using time 1461.8746, training loss at epoch 174: 1.618712
using time 1462.4962, training loss at epoch 175: 1.566099
using time 1460.7813, training loss at epoch 176: 1.517499
using time 1461.2781, training loss at epoch 177: 1.517602
using time 1459.2734, training loss at epoch 178: 1.482943
+-------+--------------------+--------------------+-------------------+--------------------+----------------------------------------------------------+----------------------------------------------------------+----------------------------------------------------------+----------------------------------------------------------+
| Epoch |   training time    |    tesing time     |        Loss       |      cos loss      |                          recall                          |                           ndcg                           |                        precision                         |                        hit_ratio                         |
+-------+--------------------+--------------------+-------------------+--------------------+----------------------------------------------------------+----------------------------------------------------------+----------------------------------------------------------+----------------------------------------------------------+
|  179  | 1460.1467893123627 | 173.23024225234985 | 1.529367012961302 | 0.5504912281467114 | [0.12339658 0.05373252 0.08265074 0.19874864 0.27356251] | [0.07881075 0.05188553 0.0641745  0.10041664 0.11809979] | [0.02063066 0.03545848 0.02748285 0.01343525 0.00932594] | [0.33693577 0.16319932 0.23988774 0.48815116 0.60775513] |
+-------+--------------------+--------------------+-------------------+--------------------+----------------------------------------------------------+----------------------------------------------------------+----------------------------------------------------------+----------------------------------------------------------+
using time 1457.5219, training loss at epoch 180: 1.494356
using time 1454.2318, training loss at epoch 181: 1.460124
using time 1459.6842, training loss at epoch 182: 1.476656
using time 1452.5438, training loss at epoch 183: 1.442397
using time 1454.6817, training loss at epoch 184: 1.452468
using time 1453.2189, training loss at epoch 185: 1.442249
using time 1454.2678, training loss at epoch 186: 1.411904
using time 1451.9375, training loss at epoch 187: 1.427173
using time 1454.2860, training loss at epoch 188: 1.385449
+-------+--------------------+--------------------+--------------------+--------------------+----------------------------------------------------------+----------------------------------------------------------+----------------------------------------------------------+----------------------------------------------------------+
| Epoch |   training time    |    tesing time     |        Loss        |      cos loss      |                          recall                          |                           ndcg                           |                        precision                         |                        hit_ratio                         |
+-------+--------------------+--------------------+--------------------+--------------------+----------------------------------------------------------+----------------------------------------------------------+----------------------------------------------------------+----------------------------------------------------------+
|  189  | 1453.7099390029907 | 177.51538634300232 | 1.3848878053831868 | 0.5596891547029372 | [0.12281307 0.05302294 0.08197027 0.19785055 0.27287794] | [0.07827218 0.05129018 0.06362394 0.0997949  0.11751211] | [0.02054002 0.03503839 0.02730244 0.01338017 0.00929944] | [0.33547156 0.16163051 0.23832765 0.48648649 0.60663082] |
+-------+--------------------+--------------------+--------------------+--------------------+----------------------------------------------------------+----------------------------------------------------------+----------------------------------------------------------+----------------------------------------------------------+
using time 1452.3791, training loss at epoch 190: 1.363341
using time 1458.3461, training loss at epoch 191: 1.367781
using time 1454.2971, training loss at epoch 192: 1.361546
using time 1443.5891, training loss at epoch 193: 1.350095
using time 1434.9187, training loss at epoch 194: 1.317253
using time 1433.3208, training loss at epoch 195: 1.339794
using time 1432.1760, training loss at epoch 196: 1.300104
using time 1434.5873, training loss at epoch 197: 1.307427
using time 1435.6417, training loss at epoch 198: 1.282076
+-------+--------------------+--------------------+--------------------+--------------------+----------------------------------------------------------+----------------------------------------------------------+----------------------------------------------------------+----------------------------------------------------------+
| Epoch |   training time    |    tesing time     |        Loss        |      cos loss      |                          recall                          |                           ndcg                           |                        precision                         |                        hit_ratio                         |
+-------+--------------------+--------------------+--------------------+--------------------+----------------------------------------------------------+----------------------------------------------------------+----------------------------------------------------------+----------------------------------------------------------+
|  199  | 1435.7147860527039 | 141.61028218269348 | 1.2819709651521407 | 0.5677371397323441 | [0.12260382 0.05317071 0.08210685 0.19747493 0.27252961] | [0.07830533 0.05146948 0.06376026 0.09979191 0.11751512] | [0.02049165 0.03513426 0.02730941 0.01335524 0.0092882 ] | [0.33516651 0.1616218  0.23841481 0.4859374  0.60599458] |
+-------+--------------------+--------------------+--------------------+--------------------+----------------------------------------------------------+----------------------------------------------------------+----------------------------------------------------------+----------------------------------------------------------+
using time 1434.2891, training loss at epoch 200: 1.300297
using time 1432.5817, training loss at epoch 201: 1.281258
using time 1436.2973, training loss at epoch 202: 1.281861
using time 1435.2087, training loss at epoch 203: 1.274517
using time 1434.2970, training loss at epoch 204: 1.260769
using time 1433.8497, training loss at epoch 205: 1.247513
using time 1432.6891, training loss at epoch 206: 1.232090
using time 1433.3790, training loss at epoch 207: 1.248495
using time 1433.8436, training loss at epoch 208: 1.217628
+-------+--------------------+--------------------+--------------------+--------------------+----------------------------------------------------------+----------------------------------------------------------+----------------------------------------------------------+----------------------------------------------------------+
| Epoch |   training time    |    tesing time     |        Loss        |      cos loss      |                          recall                          |                           ndcg                           |                        precision                         |                        hit_ratio                         |
+-------+--------------------+--------------------+--------------------+--------------------+----------------------------------------------------------+----------------------------------------------------------+----------------------------------------------------------+----------------------------------------------------------+
|  209  | 1433.8392589092255 | 138.25120067596436 | 1.2230162755586207 | 0.5743345314986072 | [0.12236801 0.05261685 0.0817574  0.19683366 0.27151924] | [0.07802909 0.05102748 0.06342691 0.09937038 0.11701601] | [0.02046768 0.03477518 0.02718827 0.01330068 0.00925316] | [0.33434725 0.16012272 0.23727307 0.48440346 0.60402486] |
+-------+--------------------+--------------------+--------------------+--------------------+----------------------------------------------------------+----------------------------------------------------------+----------------------------------------------------------+----------------------------------------------------------+
using time 1435.3607, training loss at epoch 210: 1.201042
using time 1433.8497, training loss at epoch 211: 1.201689
using time 1431.9980, training loss at epoch 212: 1.197044
using time 1430.2197, training loss at epoch 213: 1.179731
using time 1432.5679, training loss at epoch 214: 1.170781
using time 1431.5290, training loss at epoch 215: 1.166798
using time 1432.3591, training loss at epoch 216: 1.149866
using time 1433.7764, training loss at epoch 217: 1.149065
using time 1434.2946, training loss at epoch 218: 1.146568
+-------+--------------------+--------------------+--------------------+-------------------+----------------------------------------------------------+----------------------------------------------------------+----------------------------------------------------------+----------------------------------------------------------+
| Epoch |   training time    |    tesing time     |        Loss        |      cos loss     |                          recall                          |                           ndcg                           |                        precision                         |                        hit_ratio                         |
+-------+--------------------+--------------------+--------------------+-------------------+----------------------------------------------------------+----------------------------------------------------------+----------------------------------------------------------+----------------------------------------------------------+
|  219  | 1435.6735124588013 | 137.91045951843262 | 1.1433188557857648 | 0.580163291626377 | [0.1219466  0.05253694 0.08156464 0.19605136 0.27053509] | [0.07770326 0.05083585 0.06316908 0.09896022 0.11655122] | [0.02039185 0.03471243 0.02708542 0.01326372 0.00922301] | [0.3338156  0.15976538 0.236846   0.48293053 0.60237761] |
+-------+--------------------+--------------------+--------------------+-------------------+----------------------------------------------------------+----------------------------------------------------------+----------------------------------------------------------+----------------------------------------------------------+
early stopping at 219, recall@20:0.1253